<?xml version="1.0" encoding="UTF-8" ?>
<testsuite errors="0" failures="0" hostname="valhalla" name="domain.TestPuzzleGame" skipped="0" tests="15" time="0.409" timestamp="2017-06-24T14:58:12">
  <properties>
[...]
</properties>
  <testcase classname="domain.TestPuzzleGame" name="testTilesInPositions" time="0.046" />
  <testcase classname="domain.TestPuzzleGame" name="testMoveEmptyCellWithNullDirection" time="0.01" />
  <testcase classname="domain.TestPuzzleGame" name="testMoveEmptyCellNull" time="0.009" />
  <testcase classname="domain.TestPuzzleGame" name="testMoveEmptyCellDown" time="0.008" />
  <testcase classname="domain.TestPuzzleGame" name="testMoveEmptyCellDownFromSuperiorBorder" time="0.011" />
  <testcase classname="domain.TestPuzzleGame" name="testMoveEmptyCellUp" time="0.023" />
  <testcase classname="domain.TestPuzzleGame" name="testMoveEmptyCellUpFromBottomBorder" time="0.009" />
  <testcase classname="domain.TestPuzzleGame" name="testMoveEmptyCellRight" time="0.008" />
  <testcase classname="domain.TestPuzzleGame" name="testMoveEmptyCellRightFromLeftBorder" time="0.008" />
  <testcase classname="domain.TestPuzzleGame" name="testMoveEmptyCellLeft" time="0.006" />
  <testcase classname="domain.TestPuzzleGame" name="testMoveEmptyCellLeftFromRightBorder" time="0.006" />
  <testcase classname="domain.TestPuzzleGame" name="testTilesGeneration" time="0.023" />
  <testcase classname="domain.TestPuzzleGame" name="testNullSquareBoard" time="0.007" />
  <testcase classname="domain.TestPuzzleGame" name="testNullListOfTiles" time="0.013" />
  <testcase classname="domain.TestPuzzleGame" name="testNotNullTilesGeneration" time="0.014" />
  <system-out><![CDATA[--------------------------------------
Begin test capture for : domain/TestPuzzleGame.testTilesInPositions()V
State Coverage Report for domain/TestPuzzleGame.testTilesInPositions()V
Modified states: 3 [ "domain/Position.column", "domain/Position.line", "domain/Cell.tile" ]
Covered states: 2 [ "domain/TestPuzzleGame.tiles", "domain/TestPuzzleGame.board" ]
State Coverage: 0.0
End test capture for : domain/TestPuzzleGame.testTilesInPositions()V
--------------------------------------
--------------------------------------
Begin test capture for : domain/TestPuzzleGame.testMoveEmptyCellWithNullDirection()V
State Coverage Report for domain/TestPuzzleGame.testMoveEmptyCellWithNullDirection()V
Modified states: 3 [ "domain/Position.column", "domain/Position.line", "domain/Cell.tile" ]
Covered states: 2 [ "LEFT", "domain/TestPuzzleGame.game" ]
State Coverage: 0.0
End test capture for : domain/TestPuzzleGame.testMoveEmptyCellWithNullDirection()V
--------------------------------------
--------------------------------------
Begin test capture for : domain/TestPuzzleGame.testMoveEmptyCellNull()V
State Coverage Report for domain/TestPuzzleGame.testMoveEmptyCellNull()V
Modified states: 3 [ "domain/Position.column", "domain/Position.line", "domain/Cell.tile" ]
Covered states: 0 [  ]
State Coverage: 0.0
End test capture for : domain/TestPuzzleGame.testMoveEmptyCellNull()V
--------------------------------------
--------------------------------------
Begin test capture for : domain/TestPuzzleGame.testMoveEmptyCellDown()V
State Coverage Report for domain/TestPuzzleGame.testMoveEmptyCellDown()V
Modified states: 4 [ "domain/Position.column", "domain/Position.line", "domain/Cell.tile", "domain/PuzzleGame.emptyCell" ]
Covered states: 5 [ "DOWN", "LEFT", "domain/PuzzleGame.board", "domain/TestPuzzleGame.game", "domain/PuzzleGame.emptyCell" ]
State Coverage: 0.25
End test capture for : domain/TestPuzzleGame.testMoveEmptyCellDown()V
--------------------------------------
--------------------------------------
Begin test capture for : domain/TestPuzzleGame.testMoveEmptyCellDownFromSuperiorBorder()V
State Coverage Report for domain/TestPuzzleGame.testMoveEmptyCellDownFromSuperiorBorder()V
Modified states: 4 [ "domain/Position.column", "domain/Position.line", "domain/Cell.tile", "domain/PuzzleGame.emptyCell" ]
Covered states: 5 [ "DOWN", "LEFT", "domain/PuzzleGame.board", "domain/TestPuzzleGame.game", "domain/PuzzleGame.emptyCell" ]
State Coverage: 0.25
End test capture for : domain/TestPuzzleGame.testMoveEmptyCellDownFromSuperiorBorder()V
--------------------------------------
--------------------------------------
Begin test capture for : domain/TestPuzzleGame.testMoveEmptyCellUp()V
State Coverage Report for domain/TestPuzzleGame.testMoveEmptyCellUp()V
Modified states: 4 [ "domain/Position.column", "domain/Position.line", "domain/Cell.tile", "domain/PuzzleGame.emptyCell" ]
Covered states: 5 [ "LEFT", "domain/PuzzleGame.board", "domain/TestPuzzleGame.game", "domain/PuzzleGame.emptyCell", "UP" ]
State Coverage: 0.25
End test capture for : domain/TestPuzzleGame.testMoveEmptyCellUp()V
--------------------------------------
--------------------------------------
Begin test capture for : domain/TestPuzzleGame.testMoveEmptyCellUpFromBottomBorder()V
State Coverage Report for domain/TestPuzzleGame.testMoveEmptyCellUpFromBottomBorder()V
Modified states: 3 [ "domain/Position.column", "domain/Position.line", "domain/Cell.tile" ]
Covered states: 3 [ "LEFT", "domain/TestPuzzleGame.game", "UP" ]
State Coverage: 0.0
End test capture for : domain/TestPuzzleGame.testMoveEmptyCellUpFromBottomBorder()V
--------------------------------------
--------------------------------------
Begin test capture for : domain/TestPuzzleGame.testMoveEmptyCellRight()V
State Coverage Report for domain/TestPuzzleGame.testMoveEmptyCellRight()V
Modified states: 4 [ "domain/Position.column", "domain/Position.line", "domain/Cell.tile", "domain/PuzzleGame.emptyCell" ]
Covered states: 5 [ "LEFT", "domain/PuzzleGame.board", "domain/TestPuzzleGame.game", "domain/PuzzleGame.emptyCell", "RIGHT" ]
State Coverage: 0.25
End test capture for : domain/TestPuzzleGame.testMoveEmptyCellRight()V
--------------------------------------
--------------------------------------
Begin test capture for : domain/TestPuzzleGame.testMoveEmptyCellRightFromLeftBorder()V
State Coverage Report for domain/TestPuzzleGame.testMoveEmptyCellRightFromLeftBorder()V
Modified states: 4 [ "domain/Position.column", "domain/Position.line", "domain/Cell.tile", "domain/PuzzleGame.emptyCell" ]
Covered states: 5 [ "LEFT", "domain/PuzzleGame.board", "domain/TestPuzzleGame.game", "domain/PuzzleGame.emptyCell", "RIGHT" ]
State Coverage: 0.25
End test capture for : domain/TestPuzzleGame.testMoveEmptyCellRightFromLeftBorder()V
--------------------------------------
--------------------------------------
Begin test capture for : domain/TestPuzzleGame.testMoveEmptyCellLeft()V
State Coverage Report for domain/TestPuzzleGame.testMoveEmptyCellLeft()V
Modified states: 4 [ "domain/Position.column", "domain/Position.line", "domain/Cell.tile", "domain/PuzzleGame.emptyCell" ]
Covered states: 4 [ "LEFT", "domain/PuzzleGame.board", "domain/TestPuzzleGame.game", "domain/PuzzleGame.emptyCell" ]
State Coverage: 0.25
End test capture for : domain/TestPuzzleGame.testMoveEmptyCellLeft()V
--------------------------------------
--------------------------------------
Begin test capture for : domain/TestPuzzleGame.testMoveEmptyCellLeftFromRightBorder()V
State Coverage Report for domain/TestPuzzleGame.testMoveEmptyCellLeftFromRightBorder()V
Modified states: 3 [ "domain/Position.column", "domain/Position.line", "domain/Cell.tile" ]
Covered states: 2 [ "LEFT", "domain/TestPuzzleGame.game" ]
State Coverage: 0.0
End test capture for : domain/TestPuzzleGame.testMoveEmptyCellLeftFromRightBorder()V
--------------------------------------
--------------------------------------
Begin test capture for : domain/TestPuzzleGame.testTilesGeneration()V
State Coverage Report for domain/TestPuzzleGame.testTilesGeneration()V
Modified states: 0 [  ]
Covered states: 2 [ "domain/TestPuzzleGame.dimension", "domain/TestPuzzleGame.tiles" ]
State Coverage: 0.0
End test capture for : domain/TestPuzzleGame.testTilesGeneration()V
--------------------------------------
--------------------------------------
Begin test capture for : domain/TestPuzzleGame.testNullSquareBoard()V
--------------------------------------
Begin test capture for : domain/TestPuzzleGame.testNullListOfTiles()V
--------------------------------------
Begin test capture for : domain/TestPuzzleGame.testNotNullTilesGeneration()V
State Coverage Report for domain/TestPuzzleGame.testNotNullTilesGeneration()V
Modified states: 0 [  ]
Covered states: 1 [ "domain/TestPuzzleGame.tiles" ]
State Coverage: 0.0
End test capture for : domain/TestPuzzleGame.testNotNullTilesGeneration()V
--------------------------------------
]]></system-out>
  <system-err><![CDATA[]]></system-err>
</testsuite>
